Collecting partridge
Requirement already satisfied: pandas in /anaconda3/lib/python3.7/site-packages (from partridge) (0.24.2)
Requirement already satisfied: networkx>=2.0 in /anaconda3/lib/python3.7/site-packages (from partridge) (2.2)
Collecting cchardet (from partridge)
  Using cached https://files.pythonhosted.org/packages/74/64/3988d388315c1af3e24f447689dadf30edead43366fb2041cb103380b57f/cchardet-2.1.4.tar.gz
Requirement already satisfied: isoweek in /anaconda3/lib/python3.7/site-packages (from partridge) (1.3.3)
Requirement already satisfied: python-dateutil>=2.5.0 in /anaconda3/lib/python3.7/site-packages (from pandas->partridge) (2.7.5)
Requirement already satisfied: pytz>=2011k in /anaconda3/lib/python3.7/site-packages (from pandas->partridge) (2018.7)
Requirement already satisfied: numpy>=1.12.0 in /anaconda3/lib/python3.7/site-packages (from pandas->partridge) (1.15.4)
Requirement already satisfied: decorator>=4.3.0 in /anaconda3/lib/python3.7/site-packages (from networkx>=2.0->partridge) (4.3.0)
Requirement already satisfied: six>=1.5 in /anaconda3/lib/python3.7/site-packages (from python-dateutil>=2.5.0->pandas->partridge) (1.12.0)
Building wheels for collected packages: cchardet
  Running setup.py bdist_wheel for cchardet: started
  Running setup.py bdist_wheel for cchardet: finished with status 'error'
  Complete output from command /anaconda3/bin/python -u -c "import setuptools, tokenize;__file__='/private/var/folders/10/lnlc2vld3hzc2n9xlswhsms80000gn/T/pip-install-niwfna3s/cchardet/setup.py';f=getattr(tokenize, 'open', open)(__file__);code=f.read().replace('\r\n', '\n');f.close();exec(compile(code, __file__, 'exec'))" bdist_wheel -d /private/var/folders/10/lnlc2vld3hzc2n9xlswhsms80000gn/T/pip-wheel-ct08jlm7 --python-tag cp37:
  cythonize: ['src/cchardet/_cchardet.pyx']
  /anaconda3/lib/python3.7/site-packages/Cython/Compiler/Main.py:367: FutureWarning: Cython directive 'language_level' not set, using 2 for now (Py2). This will change in a later release! File: /private/var/folders/10/lnlc2vld3hzc2n9xlswhsms80000gn/T/pip-install-niwfna3s/cchardet/src/cchardet/_cchardet.pyx
    tree = Parsing.p_module(s, pxd, full_module_name)
  running bdist_wheel
  running build
  running build_py
  creating build
  creating build/lib.macosx-10.7-x86_64-3.7
  creating build/lib.macosx-10.7-x86_64-3.7/cchardet
  copying src/cchardet/version.py -> build/lib.macosx-10.7-x86_64-3.7/cchardet
  copying src/cchardet/__init__.py -> build/lib.macosx-10.7-x86_64-3.7/cchardet
  running build_ext
  building 'cchardet._cchardet' extension
  creating build/temp.macosx-10.7-x86_64-3.7
  creating build/temp.macosx-10.7-x86_64-3.7/src
  creating build/temp.macosx-10.7-x86_64-3.7/src/cchardet
  creating build/temp.macosx-10.7-x86_64-3.7/src/ext
  creating build/temp.macosx-10.7-x86_64-3.7/src/ext/uchardet
  creating build/temp.macosx-10.7-x86_64-3.7/src/ext/uchardet/src
  creating build/temp.macosx-10.7-x86_64-3.7/src/ext/uchardet/src/LangModels
  gcc -Wno-unused-result -Wsign-compare -Wunreachable-code -DNDEBUG -g -fwrapv -O3 -Wall -I/anaconda3/include -arch x86_64 -I/anaconda3/include -arch x86_64 -Isrc/ext/uchardet/src -I/anaconda3/include/python3.7m -c src/cchardet/_cchardet.cpp -o build/temp.macosx-10.7-x86_64-3.7/src/cchardet/_cchardet.o
  warning: include path for stdlibc++ headers not found; pass '-stdlib=libc++' on the command line to use the libc++ standard library instead [-Wstdlibcxx-not-found]
  1 warning generated.
  gcc -Wno-unused-result -Wsign-compare -Wunreachable-code -DNDEBUG -g -fwrapv -O3 -Wall -I/anaconda3/include -arch x86_64 -I/anaconda3/include -arch x86_64 -Isrc/ext/uchardet/src -I/anaconda3/include/python3.7m -c src/ext/uchardet/src/CharDistribution.cpp -o build/temp.macosx-10.7-x86_64-3.7/src/ext/uchardet/src/CharDistribution.o
  warning: include path for stdlibc++ headers not found; pass '-stdlib=libc++' on the command line to use the libc++ standard library instead [-Wstdlibcxx-not-found]
  1 warning generated.
  gcc -Wno-unused-result -Wsign-compare -Wunreachable-code -DNDEBUG -g -fwrapv -O3 -Wall -I/anaconda3/include -arch x86_64 -I/anaconda3/include -arch x86_64 -Isrc/ext/uchardet/src -I/anaconda3/include/python3.7m -c src/ext/uchardet/src/JpCntx.cpp -o build/temp.macosx-10.7-x86_64-3.7/src/ext/uchardet/src/JpCntx.o
  warning: include path for stdlibc++ headers not found; pass '-stdlib=libc++' on the command line to use the libc++ standard library instead [-Wstdlibcxx-not-found]
  1 warning generated.
  gcc -Wno-unused-result -Wsign-compare -Wunreachable-code -DNDEBUG -g -fwrapv -O3 -Wall -I/anaconda3/include -arch x86_64 -I/anaconda3/include -arch x86_64 -Isrc/ext/uchardet/src -I/anaconda3/include/python3.7m -c src/ext/uchardet/src/LangModels/LangArabicModel.cpp -o build/temp.macosx-10.7-x86_64-3.7/src/ext/uchardet/src/LangModels/LangArabicModel.o
  warning: include path for stdlibc++ headers not found; pass '-stdlib=libc++' on the command line to use the libc++ standard library instead [-Wstdlibcxx-not-found]
  1 warning generated.
  gcc -Wno-unused-result -Wsign-compare -Wunreachable-code -DNDEBUG -g -fwrapv -O3 -Wall -I/anaconda3/include -arch x86_64 -I/anaconda3/include -arch x86_64 -Isrc/ext/uchardet/src -I/anaconda3/include/python3.7m -c src/ext/uchardet/src/LangModels/LangBulgarianModel.cpp -o build/temp.macosx-10.7-x86_64-3.7/src/ext/uchardet/src/LangModels/LangBulgarianModel.o
  warning: include path for stdlibc++ headers not found; pass '-stdlib=libc++' on the command line to use the libc++ standard library instead [-Wstdlibcxx-not-found]
  1 warning generated.
  gcc -Wno-unused-result -Wsign-compare -Wunreachable-code -DNDEBUG -g -fwrapv -O3 -Wall -I/anaconda3/include -arch x86_64 -I/anaconda3/include -arch x86_64 -Isrc/ext/uchardet/src -I/anaconda3/include/python3.7m -c src/ext/uchardet/src/LangModels/LangCroatianModel.cpp -o build/temp.macosx-10.7-x86_64-3.7/src/ext/uchardet/src/LangModels/LangCroatianModel.o
  warning: include path for stdlibc++ headers not found; pass '-stdlib=libc++' on the command line to use the libc++ standard library instead [-Wstdlibcxx-not-found]
  1 warning generated.
  gcc -Wno-unused-result -Wsign-compare -Wunreachable-code -DNDEBUG -g -fwrapv -O3 -Wall -I/anaconda3/include -arch x86_64 -I/anaconda3/include -arch x86_64 -Isrc/ext/uchardet/src -I/anaconda3/include/python3.7m -c src/ext/uchardet/src/LangModels/LangCzechModel.cpp -o build/temp.macosx-10.7-x86_64-3.7/src/ext/uchardet/src/LangModels/LangCzechModel.o
  warning: include path for stdlibc++ headers not found; pass '-stdlib=libc++' on the command line to use the libc++ standard library instead [-Wstdlibcxx-not-found]
  1 warning generated.
  gcc -Wno-unused-result -Wsign-compare -Wunreachable-code -DNDEBUG -g -fwrapv -O3 -Wall -I/anaconda3/include -arch x86_64 -I/anaconda3/include -arch x86_64 -Isrc/ext/uchardet/src -I/anaconda3/include/python3.7m -c src/ext/uchardet/src/LangModels/LangEsperantoModel.cpp -o build/temp.macosx-10.7-x86_64-3.7/src/ext/uchardet/src/LangModels/LangEsperantoModel.o
  warning: include path for stdlibc++ headers not found; pass '-stdlib=libc++' on the command line to use the libc++ standard library instead [-Wstdlibcxx-not-found]
  1 warning generated.
  gcc -Wno-unused-result -Wsign-compare -Wunreachable-code -DNDEBUG -g -fwrapv -O3 -Wall -I/anaconda3/include -arch x86_64 -I/anaconda3/include -arch x86_64 -Isrc/ext/uchardet/src -I/anaconda3/include/python3.7m -c src/ext/uchardet/src/LangModels/LangEstonianModel.cpp -o build/temp.macosx-10.7-x86_64-3.7/src/ext/uchardet/src/LangModels/LangEstonianModel.o
  warning: include path for stdlibc++ headers not found; pass '-stdlib=libc++' on the command line to use the libc++ standard library instead [-Wstdlibcxx-not-found]
  1 warning generated.
  gcc -Wno-unused-result -Wsign-compare -Wunreachable-code -DNDEBUG -g -fwrapv -O3 -Wall -I/anaconda3/include -arch x86_64 -I/anaconda3/include -arch x86_64 -Isrc/ext/uchardet/src -I/anaconda3/include/python3.7m -c src/ext/uchardet/src/LangModels/LangFinnishModel.cpp -o build/temp.macosx-10.7-x86_64-3.7/src/ext/uchardet/src/LangModels/LangFinnishModel.o
  warning: include path for stdlibc++ headers not found; pass '-stdlib=libc++' on the command line to use the libc++ standard library instead [-Wstdlibcxx-not-found]
  1 warning generated.
  gcc -Wno-unused-result -Wsign-compare -Wunreachable-code -DNDEBUG -g -fwrapv -O3 -Wall -I/anaconda3/include -arch x86_64 -I/anaconda3/include -arch x86_64 -Isrc/ext/uchardet/src -I/anaconda3/include/python3.7m -c src/ext/uchardet/src/LangModels/LangFrenchModel.cpp -o build/temp.macosx-10.7-x86_64-3.7/src/ext/uchardet/src/LangModels/LangFrenchModel.o
  warning: include path for stdlibc++ headers not found; pass '-stdlib=libc++' on the command line to use the libc++ standard library instead [-Wstdlibcxx-not-found]
  1 warning generated.
  gcc -Wno-unused-result -Wsign-compare -Wunreachable-code -DNDEBUG -g -fwrapv -O3 -Wall -I/anaconda3/include -arch x86_64 -I/anaconda3/include -arch x86_64 -Isrc/ext/uchardet/src -I/anaconda3/include/python3.7m -c src/ext/uchardet/src/LangModels/LangDanishModel.cpp -o build/temp.macosx-10.7-x86_64-3.7/src/ext/uchardet/src/LangModels/LangDanishModel.o
  warning: include path for stdlibc++ headers not found; pass '-stdlib=libc++' on the command line to use the libc++ standard library instead [-Wstdlibcxx-not-found]
  1 warning generated.
  gcc -Wno-unused-result -Wsign-compare -Wunreachable-code -DNDEBUG -g -fwrapv -O3 -Wall -I/anaconda3/include -arch x86_64 -I/anaconda3/include -arch x86_64 -Isrc/ext/uchardet/src -I/anaconda3/include/python3.7m -c src/ext/uchardet/src/LangModels/LangGermanModel.cpp -o build/temp.macosx-10.7-x86_64-3.7/src/ext/uchardet/src/LangModels/LangGermanModel.o
  warning: include path for stdlibc++ headers not found; pass '-stdlib=libc++' on the command line to use the libc++ standard library instead [-Wstdlibcxx-not-found]
  1 warning generated.
  gcc -Wno-unused-result -Wsign-compare -Wunreachable-code -DNDEBUG -g -fwrapv -O3 -Wall -I/anaconda3/include -arch x86_64 -I/anaconda3/include -arch x86_64 -Isrc/ext/uchardet/src -I/anaconda3/include/python3.7m -c src/ext/uchardet/src/LangModels/LangGreekModel.cpp -o build/temp.macosx-10.7-x86_64-3.7/src/ext/uchardet/src/LangModels/LangGreekModel.o
  warning: include path for stdlibc++ headers not found; pass '-stdlib=libc++' on the command line to use the libc++ standard library instead [-Wstdlibcxx-not-found]
  1 warning generated.
  gcc -Wno-unused-result -Wsign-compare -Wunreachable-code -DNDEBUG -g -fwrapv -O3 -Wall -I/anaconda3/include -arch x86_64 -I/anaconda3/include -arch x86_64 -Isrc/ext/uchardet/src -I/anaconda3/include/python3.7m -c src/ext/uchardet/src/LangModels/LangHungarianModel.cpp -o build/temp.macosx-10.7-x86_64-3.7/src/ext/uchardet/src/LangModels/LangHungarianModel.o
  warning: include path for stdlibc++ headers not found; pass '-stdlib=libc++' on the command line to use the libc++ standard library instead [-Wstdlibcxx-not-found]
  1 warning generated.
  gcc -Wno-unused-result -Wsign-compare -Wunreachable-code -DNDEBUG -g -fwrapv -O3 -Wall -I/anaconda3/include -arch x86_64 -I/anaconda3/include -arch x86_64 -Isrc/ext/uchardet/src -I/anaconda3/include/python3.7m -c src/ext/uchardet/src/LangModels/LangHebrewModel.cpp -o build/temp.macosx-10.7-x86_64-3.7/src/ext/uchardet/src/LangModels/LangHebrewModel.o
  warning: include path for stdlibc++ headers not found; pass '-stdlib=libc++' on the command line to use the libc++ standard library instead [-Wstdlibcxx-not-found]
  1 warning generated.
  gcc -Wno-unused-result -Wsign-compare -Wunreachable-code -DNDEBUG -g -fwrapv -O3 -Wall -I/anaconda3/include -arch x86_64 -I/anaconda3/include -arch x86_64 -Isrc/ext/uchardet/src -I/anaconda3/include/python3.7m -c src/ext/uchardet/src/LangModels/LangIrishModel.cpp -o build/temp.macosx-10.7-x86_64-3.7/src/ext/uchardet/src/LangModels/LangIrishModel.o
  warning: include path for stdlibc++ headers not found; pass '-stdlib=libc++' on the command line to use the libc++ standard library instead [-Wstdlibcxx-not-found]
  1 warning generated.
  gcc -Wno-unused-result -Wsign-compare -Wunreachable-code -DNDEBUG -g -fwrapv -O3 -Wall -I/anaconda3/include -arch x86_64 -I/anaconda3/include -arch x86_64 -Isrc/ext/uchardet/src -I/anaconda3/include/python3.7m -c src/ext/uchardet/src/LangModels/LangItalianModel.cpp -o build/temp.macosx-10.7-x86_64-3.7/src/ext/uchardet/src/LangModels/LangItalianModel.o
  warning: include path for stdlibc++ headers not found; pass '-stdlib=libc++' on the command line to use the libc++ standard library instead [-Wstdlibcxx-not-found]
  1 warning generated.
  gcc -Wno-unused-result -Wsign-compare -Wunreachable-code -DNDEBUG -g -fwrapv -O3 -Wall -I/anaconda3/include -arch x86_64 -I/anaconda3/include -arch x86_64 -Isrc/ext/uchardet/src -I/anaconda3/include/python3.7m -c src/ext/uchardet/src/LangModels/LangLithuanianModel.cpp -o build/temp.macosx-10.7-x86_64-3.7/src/ext/uchardet/src/LangModels/LangLithuanianModel.o
  warning: include path for stdlibc++ headers not found; pass '-stdlib=libc++' on the command line to use the libc++ standard library instead [-Wstdlibcxx-not-found]
  1 warning generated.
  gcc -Wno-unused-result -Wsign-compare -Wunreachable-code -DNDEBUG -g -fwrapv -O3 -Wall -I/anaconda3/include -arch x86_64 -I/anaconda3/include -arch x86_64 -Isrc/ext/uchardet/src -I/anaconda3/include/python3.7m -c src/ext/uchardet/src/LangModels/LangLatvianModel.cpp -o build/temp.macosx-10.7-x86_64-3.7/src/ext/uchardet/src/LangModels/LangLatvianModel.o
  warning: include path for stdlibc++ headers not found; pass '-stdlib=libc++' on the command line to use the libc++ standard library instead [-Wstdlibcxx-not-found]
  1 warning generated.
  gcc -Wno-unused-result -Wsign-compare -Wunreachable-code -DNDEBUG -g -fwrapv -O3 -Wall -I/anaconda3/include -arch x86_64 -I/anaconda3/include -arch x86_64 -Isrc/ext/uchardet/src -I/anaconda3/include/python3.7m -c src/ext/uchardet/src/LangModels/LangMalteseModel.cpp -o build/temp.macosx-10.7-x86_64-3.7/src/ext/uchardet/src/LangModels/LangMalteseModel.o
  warning: include path for stdlibc++ headers not found; pass '-stdlib=libc++' on the command line to use the libc++ standard library instead [-Wstdlibcxx-not-found]
  1 warning generated.
  gcc -Wno-unused-result -Wsign-compare -Wunreachable-code -DNDEBUG -g -fwrapv -O3 -Wall -I/anaconda3/include -arch x86_64 -I/anaconda3/include -arch x86_64 -Isrc/ext/uchardet/src -I/anaconda3/include/python3.7m -c src/ext/uchardet/src/LangModels/LangPolishModel.cpp -o build/temp.macosx-10.7-x86_64-3.7/src/ext/uchardet/src/LangModels/LangPolishModel.o
  warning: include path for stdlibc++ headers not found; pass '-stdlib=libc++' on the command line to use the libc++ standard library instead [-Wstdlibcxx-not-found]
  1 warning generated.
  gcc -Wno-unused-result -Wsign-compare -Wunreachable-code -DNDEBUG -g -fwrapv -O3 -Wall -I/anaconda3/include -arch x86_64 -I/anaconda3/include -arch x86_64 -Isrc/ext/uchardet/src -I/anaconda3/include/python3.7m -c src/ext/uchardet/src/LangModels/LangPortugueseModel.cpp -o build/temp.macosx-10.7-x86_64-3.7/src/ext/uchardet/src/LangModels/LangPortugueseModel.o
  warning: include path for stdlibc++ headers not found; pass '-stdlib=libc++' on the command line to use the libc++ standard library instead [-Wstdlibcxx-not-found]
  1 warning generated.
  gcc -Wno-unused-result -Wsign-compare -Wunreachable-code -DNDEBUG -g -fwrapv -O3 -Wall -I/anaconda3/include -arch x86_64 -I/anaconda3/include -arch x86_64 -Isrc/ext/uchardet/src -I/anaconda3/include/python3.7m -c src/ext/uchardet/src/LangModels/LangRomanianModel.cpp -o build/temp.macosx-10.7-x86_64-3.7/src/ext/uchardet/src/LangModels/LangRomanianModel.o
  warning: include path for stdlibc++ headers not found; pass '-stdlib=libc++' on the command line to use the libc++ standard library instead [-Wstdlibcxx-not-found]
  1 warning generated.
  gcc -Wno-unused-result -Wsign-compare -Wunreachable-code -DNDEBUG -g -fwrapv -O3 -Wall -I/anaconda3/include -arch x86_64 -I/anaconda3/include -arch x86_64 -Isrc/ext/uchardet/src -I/anaconda3/include/python3.7m -c src/ext/uchardet/src/LangModels/LangRussianModel.cpp -o build/temp.macosx-10.7-x86_64-3.7/src/ext/uchardet/src/LangModels/LangRussianModel.o
  warning: include path for stdlibc++ headers not found; pass '-stdlib=libc++' on the command line to use the libc++ standard library instead [-Wstdlibcxx-not-found]
  1 warning generated.
  gcc -Wno-unused-result -Wsign-compare -Wunreachable-code -DNDEBUG -g -fwrapv -O3 -Wall -I/anaconda3/include -arch x86_64 -I/anaconda3/include -arch x86_64 -Isrc/ext/uchardet/src -I/anaconda3/include/python3.7m -c src/ext/uchardet/src/LangModels/LangSlovakModel.cpp -o build/temp.macosx-10.7-x86_64-3.7/src/ext/uchardet/src/LangModels/LangSlovakModel.o
  warning: include path for stdlibc++ headers not found; pass '-stdlib=libc++' on the command line to use the libc++ standard library instead [-Wstdlibcxx-not-found]
  1 warning generated.
  gcc -Wno-unused-result -Wsign-compare -Wunreachable-code -DNDEBUG -g -fwrapv -O3 -Wall -I/anaconda3/include -arch x86_64 -I/anaconda3/include -arch x86_64 -Isrc/ext/uchardet/src -I/anaconda3/include/python3.7m -c src/ext/uchardet/src/LangModels/LangSloveneModel.cpp -o build/temp.macosx-10.7-x86_64-3.7/src/ext/uchardet/src/LangModels/LangSloveneModel.o
  warning: include path for stdlibc++ headers not found; pass '-stdlib=libc++' on the command line to use the libc++ standard library instead [-Wstdlibcxx-not-found]
  1 warning generated.
  gcc -Wno-unused-result -Wsign-compare -Wunreachable-code -DNDEBUG -g -fwrapv -O3 -Wall -I/anaconda3/include -arch x86_64 -I/anaconda3/include -arch x86_64 -Isrc/ext/uchardet/src -I/anaconda3/include/python3.7m -c src/ext/uchardet/src/LangModels/LangSwedishModel.cpp -o build/temp.macosx-10.7-x86_64-3.7/src/ext/uchardet/src/LangModels/LangSwedishModel.o
  warning: include path for stdlibc++ headers not found; pass '-stdlib=libc++' on the command line to use the libc++ standard library instead [-Wstdlibcxx-not-found]
  1 warning generated.
  gcc -Wno-unused-result -Wsign-compare -Wunreachable-code -DNDEBUG -g -fwrapv -O3 -Wall -I/anaconda3/include -arch x86_64 -I/anaconda3/include -arch x86_64 -Isrc/ext/uchardet/src -I/anaconda3/include/python3.7m -c src/ext/uchardet/src/LangModels/LangSpanishModel.cpp -o build/temp.macosx-10.7-x86_64-3.7/src/ext/uchardet/src/LangModels/LangSpanishModel.o
  warning: include path for stdlibc++ headers not found; pass '-stdlib=libc++' on the command line to use the libc++ standard library instead [-Wstdlibcxx-not-found]
  1 warning generated.
  gcc -Wno-unused-result -Wsign-compare -Wunreachable-code -DNDEBUG -g -fwrapv -O3 -Wall -I/anaconda3/include -arch x86_64 -I/anaconda3/include -arch x86_64 -Isrc/ext/uchardet/src -I/anaconda3/include/python3.7m -c src/ext/uchardet/src/LangModels/LangThaiModel.cpp -o build/temp.macosx-10.7-x86_64-3.7/src/ext/uchardet/src/LangModels/LangThaiModel.o
  warning: include path for stdlibc++ headers not found; pass '-stdlib=libc++' on the command line to use the libc++ standard library instead [-Wstdlibcxx-not-found]
  1 warning generated.
  gcc -Wno-unused-result -Wsign-compare -Wunreachable-code -DNDEBUG -g -fwrapv -O3 -Wall -I/anaconda3/include -arch x86_64 -I/anaconda3/include -arch x86_64 -Isrc/ext/uchardet/src -I/anaconda3/include/python3.7m -c src/ext/uchardet/src/LangModels/LangTurkishModel.cpp -o build/temp.macosx-10.7-x86_64-3.7/src/ext/uchardet/src/LangModels/LangTurkishModel.o
  warning: include path for stdlibc++ headers not found; pass '-stdlib=libc++' on the command line to use the libc++ standard library instead [-Wstdlibcxx-not-found]
  1 warning generated.
  gcc -Wno-unused-result -Wsign-compare -Wunreachable-code -DNDEBUG -g -fwrapv -O3 -Wall -I/anaconda3/include -arch x86_64 -I/anaconda3/include -arch x86_64 -Isrc/ext/uchardet/src -I/anaconda3/include/python3.7m -c src/ext/uchardet/src/LangModels/LangVietnameseModel.cpp -o build/temp.macosx-10.7-x86_64-3.7/src/ext/uchardet/src/LangModels/LangVietnameseModel.o
  warning: include path for stdlibc++ headers not found; pass '-stdlib=libc++' on the command line to use the libc++ standard library instead [-Wstdlibcxx-not-found]
  1 warning generated.
  gcc -Wno-unused-result -Wsign-compare -Wunreachable-code -DNDEBUG -g -fwrapv -O3 -Wall -I/anaconda3/include -arch x86_64 -I/anaconda3/include -arch x86_64 -Isrc/ext/uchardet/src -I/anaconda3/include/python3.7m -c src/ext/uchardet/src/nsHebrewProber.cpp -o build/temp.macosx-10.7-x86_64-3.7/src/ext/uchardet/src/nsHebrewProber.o
  warning: include path for stdlibc++ headers not found; pass '-stdlib=libc++' on the command line to use the libc++ standard library instead [-Wstdlibcxx-not-found]
  1 warning generated.
  gcc -Wno-unused-result -Wsign-compare -Wunreachable-code -DNDEBUG -g -fwrapv -O3 -Wall -I/anaconda3/include -arch x86_64 -I/anaconda3/include -arch x86_64 -Isrc/ext/uchardet/src -I/anaconda3/include/python3.7m -c src/ext/uchardet/src/nsCharSetProber.cpp -o build/temp.macosx-10.7-x86_64-3.7/src/ext/uchardet/src/nsCharSetProber.o
  warning: include path for stdlibc++ headers not found; pass '-stdlib=libc++' on the command line to use the libc++ standard library instead [-Wstdlibcxx-not-found]
  1 warning generated.
  gcc -Wno-unused-result -Wsign-compare -Wunreachable-code -DNDEBUG -g -fwrapv -O3 -Wall -I/anaconda3/include -arch x86_64 -I/anaconda3/include -arch x86_64 -Isrc/ext/uchardet/src -I/anaconda3/include/python3.7m -c src/ext/uchardet/src/nsBig5Prober.cpp -o build/temp.macosx-10.7-x86_64-3.7/src/ext/uchardet/src/nsBig5Prober.o
  warning: include path for stdlibc++ headers not found; pass '-stdlib=libc++' on the command line to use the libc++ standard library instead [-Wstdlibcxx-not-found]
  1 warning generated.
  gcc -Wno-unused-result -Wsign-compare -Wunreachable-code -DNDEBUG -g -fwrapv -O3 -Wall -I/anaconda3/include -arch x86_64 -I/anaconda3/include -arch x86_64 -Isrc/ext/uchardet/src -I/anaconda3/include/python3.7m -c src/ext/uchardet/src/nsEUCJPProber.cpp -o build/temp.macosx-10.7-x86_64-3.7/src/ext/uchardet/src/nsEUCJPProber.o
  warning: include path for stdlibc++ headers not found; pass '-stdlib=libc++' on the command line to use the libc++ standard library instead [-Wstdlibcxx-not-found]
  1 warning generated.
  gcc -Wno-unused-result -Wsign-compare -Wunreachable-code -DNDEBUG -g -fwrapv -O3 -Wall -I/anaconda3/include -arch x86_64 -I/anaconda3/include -arch x86_64 -Isrc/ext/uchardet/src -I/anaconda3/include/python3.7m -c src/ext/uchardet/src/nsEUCKRProber.cpp -o build/temp.macosx-10.7-x86_64-3.7/src/ext/uchardet/src/nsEUCKRProber.o
  warning: include path for stdlibc++ headers not found; pass '-stdlib=libc++' on the command line to use the libc++ standard library instead [-Wstdlibcxx-not-found]
  1 warning generated.
  gcc -Wno-unused-result -Wsign-compare -Wunreachable-code -DNDEBUG -g -fwrapv -O3 -Wall -I/anaconda3/include -arch x86_64 -I/anaconda3/include -arch x86_64 -Isrc/ext/uchardet/src -I/anaconda3/include/python3.7m -c src/ext/uchardet/src/nsEUCTWProber.cpp -o build/temp.macosx-10.7-x86_64-3.7/src/ext/uchardet/src/nsEUCTWProber.o
  warning: include path for stdlibc++ headers not found; pass '-stdlib=libc++' on the command line to use the libc++ standard library instead [-Wstdlibcxx-not-found]
  1 warning generated.
  gcc -Wno-unused-result -Wsign-compare -Wunreachable-code -DNDEBUG -g -fwrapv -O3 -Wall -I/anaconda3/include -arch x86_64 -I/anaconda3/include -arch x86_64 -Isrc/ext/uchardet/src -I/anaconda3/include/python3.7m -c src/ext/uchardet/src/nsEscCharsetProber.cpp -o build/temp.macosx-10.7-x86_64-3.7/src/ext/uchardet/src/nsEscCharsetProber.o
  warning: include path for stdlibc++ headers not found; pass '-stdlib=libc++' on the command line to use the libc++ standard library instead [-Wstdlibcxx-not-found]
  1 warning generated.
  gcc -Wno-unused-result -Wsign-compare -Wunreachable-code -DNDEBUG -g -fwrapv -O3 -Wall -I/anaconda3/include -arch x86_64 -I/anaconda3/include -arch x86_64 -Isrc/ext/uchardet/src -I/anaconda3/include/python3.7m -c src/ext/uchardet/src/nsEscSM.cpp -o build/temp.macosx-10.7-x86_64-3.7/src/ext/uchardet/src/nsEscSM.o
  warning: include path for stdlibc++ headers not found; pass '-stdlib=libc++' on the command line to use the libc++ standard library instead [-Wstdlibcxx-not-found]
  1 warning generated.
  gcc -Wno-unused-result -Wsign-compare -Wunreachable-code -DNDEBUG -g -fwrapv -O3 -Wall -I/anaconda3/include -arch x86_64 -I/anaconda3/include -arch x86_64 -Isrc/ext/uchardet/src -I/anaconda3/include/python3.7m -c src/ext/uchardet/src/nsGB2312Prober.cpp -o build/temp.macosx-10.7-x86_64-3.7/src/ext/uchardet/src/nsGB2312Prober.o
  warning: include path for stdlibc++ headers not found; pass '-stdlib=libc++' on the command line to use the libc++ standard library instead [-Wstdlibcxx-not-found]
  1 warning generated.
  gcc -Wno-unused-result -Wsign-compare -Wunreachable-code -DNDEBUG -g -fwrapv -O3 -Wall -I/anaconda3/include -arch x86_64 -I/anaconda3/include -arch x86_64 -Isrc/ext/uchardet/src -I/anaconda3/include/python3.7m -c src/ext/uchardet/src/nsMBCSGroupProber.cpp -o build/temp.macosx-10.7-x86_64-3.7/src/ext/uchardet/src/nsMBCSGroupProber.o
  warning: include path for stdlibc++ headers not found; pass '-stdlib=libc++' on the command line to use the libc++ standard library instead [-Wstdlibcxx-not-found]
  1 warning generated.
  gcc -Wno-unused-result -Wsign-compare -Wunreachable-code -DNDEBUG -g -fwrapv -O3 -Wall -I/anaconda3/include -arch x86_64 -I/anaconda3/include -arch x86_64 -Isrc/ext/uchardet/src -I/anaconda3/include/python3.7m -c src/ext/uchardet/src/nsMBCSSM.cpp -o build/temp.macosx-10.7-x86_64-3.7/src/ext/uchardet/src/nsMBCSSM.o
  warning: include path for stdlibc++ headers not found; pass '-stdlib=libc++' on the command line to use the libc++ standard library instead [-Wstdlibcxx-not-found]
  1 warning generated.
  gcc -Wno-unused-result -Wsign-compare -Wunreachable-code -DNDEBUG -g -fwrapv -O3 -Wall -I/anaconda3/include -arch x86_64 -I/anaconda3/include -arch x86_64 -Isrc/ext/uchardet/src -I/anaconda3/include/python3.7m -c src/ext/uchardet/src/nsSBCSGroupProber.cpp -o build/temp.macosx-10.7-x86_64-3.7/src/ext/uchardet/src/nsSBCSGroupProber.o
  warning: include path for stdlibc++ headers not found; pass '-stdlib=libc++' on the command line to use the libc++ standard library instead [-Wstdlibcxx-not-found]
  1 warning generated.
  gcc -Wno-unused-result -Wsign-compare -Wunreachable-code -DNDEBUG -g -fwrapv -O3 -Wall -I/anaconda3/include -arch x86_64 -I/anaconda3/include -arch x86_64 -Isrc/ext/uchardet/src -I/anaconda3/include/python3.7m -c src/ext/uchardet/src/nsSBCharSetProber.cpp -o build/temp.macosx-10.7-x86_64-3.7/src/ext/uchardet/src/nsSBCharSetProber.o
  warning: include path for stdlibc++ headers not found; pass '-stdlib=libc++' on the command line to use the libc++ standard library instead [-Wstdlibcxx-not-found]
  1 warning generated.
  gcc -Wno-unused-result -Wsign-compare -Wunreachable-code -DNDEBUG -g -fwrapv -O3 -Wall -I/anaconda3/include -arch x86_64 -I/anaconda3/include -arch x86_64 -Isrc/ext/uchardet/src -I/anaconda3/include/python3.7m -c src/ext/uchardet/src/nsSJISProber.cpp -o build/temp.macosx-10.7-x86_64-3.7/src/ext/uchardet/src/nsSJISProber.o
  warning: include path for stdlibc++ headers not found; pass '-stdlib=libc++' on the command line to use the libc++ standard library instead [-Wstdlibcxx-not-found]
  1 warning generated.
  gcc -Wno-unused-result -Wsign-compare -Wunreachable-code -DNDEBUG -g -fwrapv -O3 -Wall -I/anaconda3/include -arch x86_64 -I/anaconda3/include -arch x86_64 -Isrc/ext/uchardet/src -I/anaconda3/include/python3.7m -c src/ext/uchardet/src/nsUTF8Prober.cpp -o build/temp.macosx-10.7-x86_64-3.7/src/ext/uchardet/src/nsUTF8Prober.o
  warning: include path for stdlibc++ headers not found; pass '-stdlib=libc++' on the command line to use the libc++ standard library instead [-Wstdlibcxx-not-found]
  1 warning generated.
  gcc -Wno-unused-result -Wsign-compare -Wunreachable-code -DNDEBUG -g -fwrapv -O3 -Wall -I/anaconda3/include -arch x86_64 -I/anaconda3/include -arch x86_64 -Isrc/ext/uchardet/src -I/anaconda3/include/python3.7m -c src/ext/uchardet/src/nsLatin1Prober.cpp -o build/temp.macosx-10.7-x86_64-3.7/src/ext/uchardet/src/nsLatin1Prober.o
  warning: include path for stdlibc++ headers not found; pass '-stdlib=libc++' on the command line to use the libc++ standard library instead [-Wstdlibcxx-not-found]
  1 warning generated.
  gcc -Wno-unused-result -Wsign-compare -Wunreachable-code -DNDEBUG -g -fwrapv -O3 -Wall -I/anaconda3/include -arch x86_64 -I/anaconda3/include -arch x86_64 -Isrc/ext/uchardet/src -I/anaconda3/include/python3.7m -c src/ext/uchardet/src/nsUniversalDetector.cpp -o build/temp.macosx-10.7-x86_64-3.7/src/ext/uchardet/src/nsUniversalDetector.o
  warning: include path for stdlibc++ headers not found; pass '-stdlib=libc++' on the command line to use the libc++ standard library instead [-Wstdlibcxx-not-found]
  1 warning generated.
  gcc -Wno-unused-result -Wsign-compare -Wunreachable-code -DNDEBUG -g -fwrapv -O3 -Wall -I/anaconda3/include -arch x86_64 -I/anaconda3/include -arch x86_64 -Isrc/ext/uchardet/src -I/anaconda3/include/python3.7m -c src/ext/uchardet/src/uchardet.cpp -o build/temp.macosx-10.7-x86_64-3.7/src/ext/uchardet/src/uchardet.o
  warning: include path for stdlibc++ headers not found; pass '-stdlib=libc++' on the command line to use the libc++ standard library instead [-Wstdlibcxx-not-found]
  1 warning generated.
  g++ -bundle -undefined dynamic_lookup -L/anaconda3/lib -arch x86_64 -L/anaconda3/lib -arch x86_64 -arch x86_64 build/temp.macosx-10.7-x86_64-3.7/src/cchardet/_cchardet.o build/temp.macosx-10.7-x86_64-3.7/src/ext/uchardet/src/CharDistribution.o build/temp.macosx-10.7-x86_64-3.7/src/ext/uchardet/src/JpCntx.o build/temp.macosx-10.7-x86_64-3.7/src/ext/uchardet/src/LangModels/LangArabicModel.o build/temp.macosx-10.7-x86_64-3.7/src/ext/uchardet/src/LangModels/LangBulgarianModel.o build/temp.macosx-10.7-x86_64-3.7/src/ext/uchardet/src/LangModels/LangCroatianModel.o build/temp.macosx-10.7-x86_64-3.7/src/ext/uchardet/src/LangModels/LangCzechModel.o build/temp.macosx-10.7-x86_64-3.7/src/ext/uchardet/src/LangModels/LangEsperantoModel.o build/temp.macosx-10.7-x86_64-3.7/src/ext/uchardet/src/LangModels/LangEstonianModel.o build/temp.macosx-10.7-x86_64-3.7/src/ext/uchardet/src/LangModels/LangFinnishModel.o build/temp.macosx-10.7-x86_64-3.7/src/ext/uchardet/src/LangModels/LangFrenchModel.o build/temp.macosx-10.7-x86_64-3.7/src/ext/uchardet/src/LangModels/LangDanishModel.o build/temp.macosx-10.7-x86_64-3.7/src/ext/uchardet/src/LangModels/LangGermanModel.o build/temp.macosx-10.7-x86_64-3.7/src/ext/uchardet/src/LangModels/LangGreekModel.o build/temp.macosx-10.7-x86_64-3.7/src/ext/uchardet/src/LangModels/LangHungarianModel.o build/temp.macosx-10.7-x86_64-3.7/src/ext/uchardet/src/LangModels/LangHebrewModel.o build/temp.macosx-10.7-x86_64-3.7/src/ext/uchardet/src/LangModels/LangIrishModel.o build/temp.macosx-10.7-x86_64-3.7/src/ext/uchardet/src/LangModels/LangItalianModel.o build/temp.macosx-10.7-x86_64-3.7/src/ext/uchardet/src/LangModels/LangLithuanianModel.o build/temp.macosx-10.7-x86_64-3.7/src/ext/uchardet/src/LangModels/LangLatvianModel.o build/temp.macosx-10.7-x86_64-3.7/src/ext/uchardet/src/LangModels/LangMalteseModel.o build/temp.macosx-10.7-x86_64-3.7/src/ext/uchardet/src/LangModels/LangPolishModel.o build/temp.macosx-10.7-x86_64-3.7/src/ext/uchardet/src/LangModels/LangPortugueseModel.o build/temp.macosx-10.7-x86_64-3.7/src/ext/uchardet/src/LangModels/LangRomanianModel.o build/temp.macosx-10.7-x86_64-3.7/src/ext/uchardet/src/LangModels/LangRussianModel.o build/temp.macosx-10.7-x86_64-3.7/src/ext/uchardet/src/LangModels/LangSlovakModel.o build/temp.macosx-10.7-x86_64-3.7/src/ext/uchardet/src/LangModels/LangSloveneModel.o build/temp.macosx-10.7-x86_64-3.7/src/ext/uchardet/src/LangModels/LangSwedishModel.o build/temp.macosx-10.7-x86_64-3.7/src/ext/uchardet/src/LangModels/LangSpanishModel.o build/temp.macosx-10.7-x86_64-3.7/src/ext/uchardet/src/LangModels/LangThaiModel.o build/temp.macosx-10.7-x86_64-3.7/src/ext/uchardet/src/LangModels/LangTurkishModel.o build/temp.macosx-10.7-x86_64-3.7/src/ext/uchardet/src/LangModels/LangVietnameseModel.o build/temp.macosx-10.7-x86_64-3.7/src/ext/uchardet/src/nsHebrewProber.o build/temp.macosx-10.7-x86_64-3.7/src/ext/uchardet/src/nsCharSetProber.o build/temp.macosx-10.7-x86_64-3.7/src/ext/uchardet/src/nsBig5Prober.o build/temp.macosx-10.7-x86_64-3.7/src/ext/uchardet/src/nsEUCJPProber.o build/temp.macosx-10.7-x86_64-3.7/src/ext/uchardet/src/nsEUCKRProber.o build/temp.macosx-10.7-x86_64-3.7/src/ext/uchardet/src/nsEUCTWProber.o build/temp.macosx-10.7-x86_64-3.7/src/ext/uchardet/src/nsEscCharsetProber.o build/temp.macosx-10.7-x86_64-3.7/src/ext/uchardet/src/nsEscSM.o build/temp.macosx-10.7-x86_64-3.7/src/ext/uchardet/src/nsGB2312Prober.o build/temp.macosx-10.7-x86_64-3.7/src/ext/uchardet/src/nsMBCSGroupProber.o build/temp.macosx-10.7-x86_64-3.7/src/ext/uchardet/src/nsMBCSSM.o build/temp.macosx-10.7-x86_64-3.7/src/ext/uchardet/src/nsSBCSGroupProber.o build/temp.macosx-10.7-x86_64-3.7/src/ext/uchardet/src/nsSBCharSetProber.o build/temp.macosx-10.7-x86_64-3.7/src/ext/uchardet/src/nsSJISProber.o build/temp.macosx-10.7-x86_64-3.7/src/ext/uchardet/src/nsUTF8Prober.o build/temp.macosx-10.7-x86_64-3.7/src/ext/uchardet/src/nsLatin1Prober.o build/temp.macosx-10.7-x86_64-3.7/src/ext/uchardet/src/nsUniversalDetector.o build/temp.macosx-10.7-x86_64-3.7/src/ext/uchardet/src/uchardet.o -o build/lib.macosx-10.7-x86_64-3.7/cchardet/_cchardet.cpython-37m-darwin.so
  clang: warning: libstdc++ is deprecated; move to libc++ with a minimum deployment target of OS X 10.9 [-Wdeprecated]
  ld: library not found for -lstdc++
  clang: error: linker command failed with exit code 1 (use -v to see invocation)
  error: command 'g++' failed with exit status 1
  
  ----------------------------------------
  Running setup.py clean for cchardet
Failed to build cchardet
Installing collected packages: cchardet, partridge
  Running setup.py install for cchardet: started
    Running setup.py install for cchardet: finished with status 'error'
    Complete output from command /anaconda3/bin/python -u -c "import setuptools, tokenize;__file__='/private/var/folders/10/lnlc2vld3hzc2n9xlswhsms80000gn/T/pip-install-niwfna3s/cchardet/setup.py';f=getattr(tokenize, 'open', open)(__file__);code=f.read().replace('\r\n', '\n');f.close();exec(compile(code, __file__, 'exec'))" install --record /private/var/folders/10/lnlc2vld3hzc2n9xlswhsms80000gn/T/pip-record-1ho0abp9/install-record.txt --single-version-externally-managed --compile:
    cythonize: ['src/cchardet/_cchardet.pyx']
    /anaconda3/lib/python3.7/site-packages/Cython/Compiler/Main.py:367: FutureWarning: Cython directive 'language_level' not set, using 2 for now (Py2). This will change in a later release! File: /private/var/folders/10/lnlc2vld3hzc2n9xlswhsms80000gn/T/pip-install-niwfna3s/cchardet/src/cchardet/_cchardet.pyx
      tree = Parsing.p_module(s, pxd, full_module_name)
    running install
    running build
    running build_py
    creating build
    creating build/lib.macosx-10.7-x86_64-3.7
    creating build/lib.macosx-10.7-x86_64-3.7/cchardet
    copying src/cchardet/version.py -> build/lib.macosx-10.7-x86_64-3.7/cchardet
    copying src/cchardet/__init__.py -> build/lib.macosx-10.7-x86_64-3.7/cchardet
    running build_ext
    building 'cchardet._cchardet' extension
    creating build/temp.macosx-10.7-x86_64-3.7
    creating build/temp.macosx-10.7-x86_64-3.7/src
    creating build/temp.macosx-10.7-x86_64-3.7/src/cchardet
    creating build/temp.macosx-10.7-x86_64-3.7/src/ext
    creating build/temp.macosx-10.7-x86_64-3.7/src/ext/uchardet
    creating build/temp.macosx-10.7-x86_64-3.7/src/ext/uchardet/src
    creating build/temp.macosx-10.7-x86_64-3.7/src/ext/uchardet/src/LangModels
    gcc -Wno-unused-result -Wsign-compare -Wunreachable-code -DNDEBUG -g -fwrapv -O3 -Wall -I/anaconda3/include -arch x86_64 -I/anaconda3/include -arch x86_64 -Isrc/ext/uchardet/src -I/anaconda3/include/python3.7m -c src/cchardet/_cchardet.cpp -o build/temp.macosx-10.7-x86_64-3.7/src/cchardet/_cchardet.o
    warning: include path for stdlibc++ headers not found; pass '-stdlib=libc++' on the command line to use the libc++ standard library instead [-Wstdlibcxx-not-found]
    1 warning generated.
    gcc -Wno-unused-result -Wsign-compare -Wunreachable-code -DNDEBUG -g -fwrapv -O3 -Wall -I/anaconda3/include -arch x86_64 -I/anaconda3/include -arch x86_64 -Isrc/ext/uchardet/src -I/anaconda3/include/python3.7m -c src/ext/uchardet/src/CharDistribution.cpp -o build/temp.macosx-10.7-x86_64-3.7/src/ext/uchardet/src/CharDistribution.o
    warning: include path for stdlibc++ headers not found; pass '-stdlib=libc++' on the command line to use the libc++ standard library instead [-Wstdlibcxx-not-found]
    1 warning generated.
    gcc -Wno-unused-result -Wsign-compare -Wunreachable-code -DNDEBUG -g -fwrapv -O3 -Wall -I/anaconda3/include -arch x86_64 -I/anaconda3/include -arch x86_64 -Isrc/ext/uchardet/src -I/anaconda3/include/python3.7m -c src/ext/uchardet/src/JpCntx.cpp -o build/temp.macosx-10.7-x86_64-3.7/src/ext/uchardet/src/JpCntx.o
    warning: include path for stdlibc++ headers not found; pass '-stdlib=libc++' on the command line to use the libc++ standard library instead [-Wstdlibcxx-not-found]
    1 warning generated.
    gcc -Wno-unused-result -Wsign-compare -Wunreachable-code -DNDEBUG -g -fwrapv -O3 -Wall -I/anaconda3/include -arch x86_64 -I/anaconda3/include -arch x86_64 -Isrc/ext/uchardet/src -I/anaconda3/include/python3.7m -c src/ext/uchardet/src/LangModels/LangArabicModel.cpp -o build/temp.macosx-10.7-x86_64-3.7/src/ext/uchardet/src/LangModels/LangArabicModel.o
    warning: include path for stdlibc++ headers not found; pass '-stdlib=libc++' on the command line to use the libc++ standard library instead [-Wstdlibcxx-not-found]
    1 warning generated.
    gcc -Wno-unused-result -Wsign-compare -Wunreachable-code -DNDEBUG -g -fwrapv -O3 -Wall -I/anaconda3/include -arch x86_64 -I/anaconda3/include -arch x86_64 -Isrc/ext/uchardet/src -I/anaconda3/include/python3.7m -c src/ext/uchardet/src/LangModels/LangBulgarianModel.cpp -o build/temp.macosx-10.7-x86_64-3.7/src/ext/uchardet/src/LangModels/LangBulgarianModel.o
    warning: include path for stdlibc++ headers not found; pass '-stdlib=libc++' on the command line to use the libc++ standard library instead [-Wstdlibcxx-not-found]
    1 warning generated.
    gcc -Wno-unused-result -Wsign-compare -Wunreachable-code -DNDEBUG -g -fwrapv -O3 -Wall -I/anaconda3/include -arch x86_64 -I/anaconda3/include -arch x86_64 -Isrc/ext/uchardet/src -I/anaconda3/include/python3.7m -c src/ext/uchardet/src/LangModels/LangCroatianModel.cpp -o build/temp.macosx-10.7-x86_64-3.7/src/ext/uchardet/src/LangModels/LangCroatianModel.o
    warning: include path for stdlibc++ headers not found; pass '-stdlib=libc++' on the command line to use the libc++ standard library instead [-Wstdlibcxx-not-found]
    1 warning generated.
    gcc -Wno-unused-result -Wsign-compare -Wunreachable-code -DNDEBUG -g -fwrapv -O3 -Wall -I/anaconda3/include -arch x86_64 -I/anaconda3/include -arch x86_64 -Isrc/ext/uchardet/src -I/anaconda3/include/python3.7m -c src/ext/uchardet/src/LangModels/LangCzechModel.cpp -o build/temp.macosx-10.7-x86_64-3.7/src/ext/uchardet/src/LangModels/LangCzechModel.o
    warning: include path for stdlibc++ headers not found; pass '-stdlib=libc++' on the command line to use the libc++ standard library instead [-Wstdlibcxx-not-found]
    1 warning generated.
    gcc -Wno-unused-result -Wsign-compare -Wunreachable-code -DNDEBUG -g -fwrapv -O3 -Wall -I/anaconda3/include -arch x86_64 -I/anaconda3/include -arch x86_64 -Isrc/ext/uchardet/src -I/anaconda3/include/python3.7m -c src/ext/uchardet/src/LangModels/LangEsperantoModel.cpp -o build/temp.macosx-10.7-x86_64-3.7/src/ext/uchardet/src/LangModels/LangEsperantoModel.o
    warning: include path for stdlibc++ headers not found; pass '-stdlib=libc++' on the command line to use the libc++ standard library instead [-Wstdlibcxx-not-found]
    1 warning generated.
    gcc -Wno-unused-result -Wsign-compare -Wunreachable-code -DNDEBUG -g -fwrapv -O3 -Wall -I/anaconda3/include -arch x86_64 -I/anaconda3/include -arch x86_64 -Isrc/ext/uchardet/src -I/anaconda3/include/python3.7m -c src/ext/uchardet/src/LangModels/LangEstonianModel.cpp -o build/temp.macosx-10.7-x86_64-3.7/src/ext/uchardet/src/LangModels/LangEstonianModel.o
    warning: include path for stdlibc++ headers not found; pass '-stdlib=libc++' on the command line to use the libc++ standard library instead [-Wstdlibcxx-not-found]
    1 warning generated.
    gcc -Wno-unused-result -Wsign-compare -Wunreachable-code -DNDEBUG -g -fwrapv -O3 -Wall -I/anaconda3/include -arch x86_64 -I/anaconda3/include -arch x86_64 -Isrc/ext/uchardet/src -I/anaconda3/include/python3.7m -c src/ext/uchardet/src/LangModels/LangFinnishModel.cpp -o build/temp.macosx-10.7-x86_64-3.7/src/ext/uchardet/src/LangModels/LangFinnishModel.o
    warning: include path for stdlibc++ headers not found; pass '-stdlib=libc++' on the command line to use the libc++ standard library instead [-Wstdlibcxx-not-found]
    1 warning generated.
    gcc -Wno-unused-result -Wsign-compare -Wunreachable-code -DNDEBUG -g -fwrapv -O3 -Wall -I/anaconda3/include -arch x86_64 -I/anaconda3/include -arch x86_64 -Isrc/ext/uchardet/src -I/anaconda3/include/python3.7m -c src/ext/uchardet/src/LangModels/LangFrenchModel.cpp -o build/temp.macosx-10.7-x86_64-3.7/src/ext/uchardet/src/LangModels/LangFrenchModel.o
    warning: include path for stdlibc++ headers not found; pass '-stdlib=libc++' on the command line to use the libc++ standard library instead [-Wstdlibcxx-not-found]
    1 warning generated.
    gcc -Wno-unused-result -Wsign-compare -Wunreachable-code -DNDEBUG -g -fwrapv -O3 -Wall -I/anaconda3/include -arch x86_64 -I/anaconda3/include -arch x86_64 -Isrc/ext/uchardet/src -I/anaconda3/include/python3.7m -c src/ext/uchardet/src/LangModels/LangDanishModel.cpp -o build/temp.macosx-10.7-x86_64-3.7/src/ext/uchardet/src/LangModels/LangDanishModel.o
    warning: include path for stdlibc++ headers not found; pass '-stdlib=libc++' on the command line to use the libc++ standard library instead [-Wstdlibcxx-not-found]
    1 warning generated.
    gcc -Wno-unused-result -Wsign-compare -Wunreachable-code -DNDEBUG -g -fwrapv -O3 -Wall -I/anaconda3/include -arch x86_64 -I/anaconda3/include -arch x86_64 -Isrc/ext/uchardet/src -I/anaconda3/include/python3.7m -c src/ext/uchardet/src/LangModels/LangGermanModel.cpp -o build/temp.macosx-10.7-x86_64-3.7/src/ext/uchardet/src/LangModels/LangGermanModel.o
    warning: include path for stdlibc++ headers not found; pass '-stdlib=libc++' on the command line to use the libc++ standard library instead [-Wstdlibcxx-not-found]
    1 warning generated.
    gcc -Wno-unused-result -Wsign-compare -Wunreachable-code -DNDEBUG -g -fwrapv -O3 -Wall -I/anaconda3/include -arch x86_64 -I/anaconda3/include -arch x86_64 -Isrc/ext/uchardet/src -I/anaconda3/include/python3.7m -c src/ext/uchardet/src/LangModels/LangGreekModel.cpp -o build/temp.macosx-10.7-x86_64-3.7/src/ext/uchardet/src/LangModels/LangGreekModel.o
    warning: include path for stdlibc++ headers not found; pass '-stdlib=libc++' on the command line to use the libc++ standard library instead [-Wstdlibcxx-not-found]
    1 warning generated.
    gcc -Wno-unused-result -Wsign-compare -Wunreachable-code -DNDEBUG -g -fwrapv -O3 -Wall -I/anaconda3/include -arch x86_64 -I/anaconda3/include -arch x86_64 -Isrc/ext/uchardet/src -I/anaconda3/include/python3.7m -c src/ext/uchardet/src/LangModels/LangHungarianModel.cpp -o build/temp.macosx-10.7-x86_64-3.7/src/ext/uchardet/src/LangModels/LangHungarianModel.o
    warning: include path for stdlibc++ headers not found; pass '-stdlib=libc++' on the command line to use the libc++ standard library instead [-Wstdlibcxx-not-found]
    1 warning generated.
    gcc -Wno-unused-result -Wsign-compare -Wunreachable-code -DNDEBUG -g -fwrapv -O3 -Wall -I/anaconda3/include -arch x86_64 -I/anaconda3/include -arch x86_64 -Isrc/ext/uchardet/src -I/anaconda3/include/python3.7m -c src/ext/uchardet/src/LangModels/LangHebrewModel.cpp -o build/temp.macosx-10.7-x86_64-3.7/src/ext/uchardet/src/LangModels/LangHebrewModel.o
    warning: include path for stdlibc++ headers not found; pass '-stdlib=libc++' on the command line to use the libc++ standard library instead [-Wstdlibcxx-not-found]
    1 warning generated.
    gcc -Wno-unused-result -Wsign-compare -Wunreachable-code -DNDEBUG -g -fwrapv -O3 -Wall -I/anaconda3/include -arch x86_64 -I/anaconda3/include -arch x86_64 -Isrc/ext/uchardet/src -I/anaconda3/include/python3.7m -c src/ext/uchardet/src/LangModels/LangIrishModel.cpp -o build/temp.macosx-10.7-x86_64-3.7/src/ext/uchardet/src/LangModels/LangIrishModel.o
    warning: include path for stdlibc++ headers not found; pass '-stdlib=libc++' on the command line to use the libc++ standard library instead [-Wstdlibcxx-not-found]
    1 warning generated.
    gcc -Wno-unused-result -Wsign-compare -Wunreachable-code -DNDEBUG -g -fwrapv -O3 -Wall -I/anaconda3/include -arch x86_64 -I/anaconda3/include -arch x86_64 -Isrc/ext/uchardet/src -I/anaconda3/include/python3.7m -c src/ext/uchardet/src/LangModels/LangItalianModel.cpp -o build/temp.macosx-10.7-x86_64-3.7/src/ext/uchardet/src/LangModels/LangItalianModel.o
    warning: include path for stdlibc++ headers not found; pass '-stdlib=libc++' on the command line to use the libc++ standard library instead [-Wstdlibcxx-not-found]
    1 warning generated.
    gcc -Wno-unused-result -Wsign-compare -Wunreachable-code -DNDEBUG -g -fwrapv -O3 -Wall -I/anaconda3/include -arch x86_64 -I/anaconda3/include -arch x86_64 -Isrc/ext/uchardet/src -I/anaconda3/include/python3.7m -c src/ext/uchardet/src/LangModels/LangLithuanianModel.cpp -o build/temp.macosx-10.7-x86_64-3.7/src/ext/uchardet/src/LangModels/LangLithuanianModel.o
    warning: include path for stdlibc++ headers not found; pass '-stdlib=libc++' on the command line to use the libc++ standard library instead [-Wstdlibcxx-not-found]
    1 warning generated.
    gcc -Wno-unused-result -Wsign-compare -Wunreachable-code -DNDEBUG -g -fwrapv -O3 -Wall -I/anaconda3/include -arch x86_64 -I/anaconda3/include -arch x86_64 -Isrc/ext/uchardet/src -I/anaconda3/include/python3.7m -c src/ext/uchardet/src/LangModels/LangLatvianModel.cpp -o build/temp.macosx-10.7-x86_64-3.7/src/ext/uchardet/src/LangModels/LangLatvianModel.o
    warning: include path for stdlibc++ headers not found; pass '-stdlib=libc++' on the command line to use the libc++ standard library instead [-Wstdlibcxx-not-found]
    1 warning generated.
    gcc -Wno-unused-result -Wsign-compare -Wunreachable-code -DNDEBUG -g -fwrapv -O3 -Wall -I/anaconda3/include -arch x86_64 -I/anaconda3/include -arch x86_64 -Isrc/ext/uchardet/src -I/anaconda3/include/python3.7m -c src/ext/uchardet/src/LangModels/LangMalteseModel.cpp -o build/temp.macosx-10.7-x86_64-3.7/src/ext/uchardet/src/LangModels/LangMalteseModel.o
    warning: include path for stdlibc++ headers not found; pass '-stdlib=libc++' on the command line to use the libc++ standard library instead [-Wstdlibcxx-not-found]
    1 warning generated.
    gcc -Wno-unused-result -Wsign-compare -Wunreachable-code -DNDEBUG -g -fwrapv -O3 -Wall -I/anaconda3/include -arch x86_64 -I/anaconda3/include -arch x86_64 -Isrc/ext/uchardet/src -I/anaconda3/include/python3.7m -c src/ext/uchardet/src/LangModels/LangPolishModel.cpp -o build/temp.macosx-10.7-x86_64-3.7/src/ext/uchardet/src/LangModels/LangPolishModel.o
    warning: include path for stdlibc++ headers not found; pass '-stdlib=libc++' on the command line to use the libc++ standard library instead [-Wstdlibcxx-not-found]
    1 warning generated.
    gcc -Wno-unused-result -Wsign-compare -Wunreachable-code -DNDEBUG -g -fwrapv -O3 -Wall -I/anaconda3/include -arch x86_64 -I/anaconda3/include -arch x86_64 -Isrc/ext/uchardet/src -I/anaconda3/include/python3.7m -c src/ext/uchardet/src/LangModels/LangPortugueseModel.cpp -o build/temp.macosx-10.7-x86_64-3.7/src/ext/uchardet/src/LangModels/LangPortugueseModel.o
    warning: include path for stdlibc++ headers not found; pass '-stdlib=libc++' on the command line to use the libc++ standard library instead [-Wstdlibcxx-not-found]
    1 warning generated.
    gcc -Wno-unused-result -Wsign-compare -Wunreachable-code -DNDEBUG -g -fwrapv -O3 -Wall -I/anaconda3/include -arch x86_64 -I/anaconda3/include -arch x86_64 -Isrc/ext/uchardet/src -I/anaconda3/include/python3.7m -c src/ext/uchardet/src/LangModels/LangRomanianModel.cpp -o build/temp.macosx-10.7-x86_64-3.7/src/ext/uchardet/src/LangModels/LangRomanianModel.o
    warning: include path for stdlibc++ headers not found; pass '-stdlib=libc++' on the command line to use the libc++ standard library instead [-Wstdlibcxx-not-found]
    1 warning generated.
    gcc -Wno-unused-result -Wsign-compare -Wunreachable-code -DNDEBUG -g -fwrapv -O3 -Wall -I/anaconda3/include -arch x86_64 -I/anaconda3/include -arch x86_64 -Isrc/ext/uchardet/src -I/anaconda3/include/python3.7m -c src/ext/uchardet/src/LangModels/LangRussianModel.cpp -o build/temp.macosx-10.7-x86_64-3.7/src/ext/uchardet/src/LangModels/LangRussianModel.o
    warning: include path for stdlibc++ headers not found; pass '-stdlib=libc++' on the command line to use the libc++ standard library instead [-Wstdlibcxx-not-found]
    1 warning generated.
    gcc -Wno-unused-result -Wsign-compare -Wunreachable-code -DNDEBUG -g -fwrapv -O3 -Wall -I/anaconda3/include -arch x86_64 -I/anaconda3/include -arch x86_64 -Isrc/ext/uchardet/src -I/anaconda3/include/python3.7m -c src/ext/uchardet/src/LangModels/LangSlovakModel.cpp -o build/temp.macosx-10.7-x86_64-3.7/src/ext/uchardet/src/LangModels/LangSlovakModel.o
    warning: include path for stdlibc++ headers not found; pass '-stdlib=libc++' on the command line to use the libc++ standard library instead [-Wstdlibcxx-not-found]
    1 warning generated.
    gcc -Wno-unused-result -Wsign-compare -Wunreachable-code -DNDEBUG -g -fwrapv -O3 -Wall -I/anaconda3/include -arch x86_64 -I/anaconda3/include -arch x86_64 -Isrc/ext/uchardet/src -I/anaconda3/include/python3.7m -c src/ext/uchardet/src/LangModels/LangSloveneModel.cpp -o build/temp.macosx-10.7-x86_64-3.7/src/ext/uchardet/src/LangModels/LangSloveneModel.o
    warning: include path for stdlibc++ headers not found; pass '-stdlib=libc++' on the command line to use the libc++ standard library instead [-Wstdlibcxx-not-found]
    1 warning generated.
    gcc -Wno-unused-result -Wsign-compare -Wunreachable-code -DNDEBUG -g -fwrapv -O3 -Wall -I/anaconda3/include -arch x86_64 -I/anaconda3/include -arch x86_64 -Isrc/ext/uchardet/src -I/anaconda3/include/python3.7m -c src/ext/uchardet/src/LangModels/LangSwedishModel.cpp -o build/temp.macosx-10.7-x86_64-3.7/src/ext/uchardet/src/LangModels/LangSwedishModel.o
    warning: include path for stdlibc++ headers not found; pass '-stdlib=libc++' on the command line to use the libc++ standard library instead [-Wstdlibcxx-not-found]
    1 warning generated.
    gcc -Wno-unused-result -Wsign-compare -Wunreachable-code -DNDEBUG -g -fwrapv -O3 -Wall -I/anaconda3/include -arch x86_64 -I/anaconda3/include -arch x86_64 -Isrc/ext/uchardet/src -I/anaconda3/include/python3.7m -c src/ext/uchardet/src/LangModels/LangSpanishModel.cpp -o build/temp.macosx-10.7-x86_64-3.7/src/ext/uchardet/src/LangModels/LangSpanishModel.o
    warning: include path for stdlibc++ headers not found; pass '-stdlib=libc++' on the command line to use the libc++ standard library instead [-Wstdlibcxx-not-found]
    1 warning generated.
    gcc -Wno-unused-result -Wsign-compare -Wunreachable-code -DNDEBUG -g -fwrapv -O3 -Wall -I/anaconda3/include -arch x86_64 -I/anaconda3/include -arch x86_64 -Isrc/ext/uchardet/src -I/anaconda3/include/python3.7m -c src/ext/uchardet/src/LangModels/LangThaiModel.cpp -o build/temp.macosx-10.7-x86_64-3.7/src/ext/uchardet/src/LangModels/LangThaiModel.o
    warning: include path for stdlibc++ headers not found; pass '-stdlib=libc++' on the command line to use the libc++ standard library instead [-Wstdlibcxx-not-found]
    1 warning generated.
    gcc -Wno-unused-result -Wsign-compare -Wunreachable-code -DNDEBUG -g -fwrapv -O3 -Wall -I/anaconda3/include -arch x86_64 -I/anaconda3/include -arch x86_64 -Isrc/ext/uchardet/src -I/anaconda3/include/python3.7m -c src/ext/uchardet/src/LangModels/LangTurkishModel.cpp -o build/temp.macosx-10.7-x86_64-3.7/src/ext/uchardet/src/LangModels/LangTurkishModel.o
    warning: include path for stdlibc++ headers not found; pass '-stdlib=libc++' on the command line to use the libc++ standard library instead [-Wstdlibcxx-not-found]
    1 warning generated.
    gcc -Wno-unused-result -Wsign-compare -Wunreachable-code -DNDEBUG -g -fwrapv -O3 -Wall -I/anaconda3/include -arch x86_64 -I/anaconda3/include -arch x86_64 -Isrc/ext/uchardet/src -I/anaconda3/include/python3.7m -c src/ext/uchardet/src/LangModels/LangVietnameseModel.cpp -o build/temp.macosx-10.7-x86_64-3.7/src/ext/uchardet/src/LangModels/LangVietnameseModel.o
    warning: include path for stdlibc++ headers not found; pass '-stdlib=libc++' on the command line to use the libc++ standard library instead [-Wstdlibcxx-not-found]
    1 warning generated.
    gcc -Wno-unused-result -Wsign-compare -Wunreachable-code -DNDEBUG -g -fwrapv -O3 -Wall -I/anaconda3/include -arch x86_64 -I/anaconda3/include -arch x86_64 -Isrc/ext/uchardet/src -I/anaconda3/include/python3.7m -c src/ext/uchardet/src/nsHebrewProber.cpp -o build/temp.macosx-10.7-x86_64-3.7/src/ext/uchardet/src/nsHebrewProber.o
    warning: include path for stdlibc++ headers not found; pass '-stdlib=libc++' on the command line to use the libc++ standard library instead [-Wstdlibcxx-not-found]
    1 warning generated.
    gcc -Wno-unused-result -Wsign-compare -Wunreachable-code -DNDEBUG -g -fwrapv -O3 -Wall -I/anaconda3/include -arch x86_64 -I/anaconda3/include -arch x86_64 -Isrc/ext/uchardet/src -I/anaconda3/include/python3.7m -c src/ext/uchardet/src/nsCharSetProber.cpp -o build/temp.macosx-10.7-x86_64-3.7/src/ext/uchardet/src/nsCharSetProber.o
    warning: include path for stdlibc++ headers not found; pass '-stdlib=libc++' on the command line to use the libc++ standard library instead [-Wstdlibcxx-not-found]
    1 warning generated.
    gcc -Wno-unused-result -Wsign-compare -Wunreachable-code -DNDEBUG -g -fwrapv -O3 -Wall -I/anaconda3/include -arch x86_64 -I/anaconda3/include -arch x86_64 -Isrc/ext/uchardet/src -I/anaconda3/include/python3.7m -c src/ext/uchardet/src/nsBig5Prober.cpp -o build/temp.macosx-10.7-x86_64-3.7/src/ext/uchardet/src/nsBig5Prober.o
    warning: include path for stdlibc++ headers not found; pass '-stdlib=libc++' on the command line to use the libc++ standard library instead [-Wstdlibcxx-not-found]
    1 warning generated.
    gcc -Wno-unused-result -Wsign-compare -Wunreachable-code -DNDEBUG -g -fwrapv -O3 -Wall -I/anaconda3/include -arch x86_64 -I/anaconda3/include -arch x86_64 -Isrc/ext/uchardet/src -I/anaconda3/include/python3.7m -c src/ext/uchardet/src/nsEUCJPProber.cpp -o build/temp.macosx-10.7-x86_64-3.7/src/ext/uchardet/src/nsEUCJPProber.o
    warning: include path for stdlibc++ headers not found; pass '-stdlib=libc++' on the command line to use the libc++ standard library instead [-Wstdlibcxx-not-found]
    1 warning generated.
    gcc -Wno-unused-result -Wsign-compare -Wunreachable-code -DNDEBUG -g -fwrapv -O3 -Wall -I/anaconda3/include -arch x86_64 -I/anaconda3/include -arch x86_64 -Isrc/ext/uchardet/src -I/anaconda3/include/python3.7m -c src/ext/uchardet/src/nsEUCKRProber.cpp -o build/temp.macosx-10.7-x86_64-3.7/src/ext/uchardet/src/nsEUCKRProber.o
    warning: include path for stdlibc++ headers not found; pass '-stdlib=libc++' on the command line to use the libc++ standard library instead [-Wstdlibcxx-not-found]
    1 warning generated.
    gcc -Wno-unused-result -Wsign-compare -Wunreachable-code -DNDEBUG -g -fwrapv -O3 -Wall -I/anaconda3/include -arch x86_64 -I/anaconda3/include -arch x86_64 -Isrc/ext/uchardet/src -I/anaconda3/include/python3.7m -c src/ext/uchardet/src/nsEUCTWProber.cpp -o build/temp.macosx-10.7-x86_64-3.7/src/ext/uchardet/src/nsEUCTWProber.o
    warning: include path for stdlibc++ headers not found; pass '-stdlib=libc++' on the command line to use the libc++ standard library instead [-Wstdlibcxx-not-found]
    1 warning generated.
    gcc -Wno-unused-result -Wsign-compare -Wunreachable-code -DNDEBUG -g -fwrapv -O3 -Wall -I/anaconda3/include -arch x86_64 -I/anaconda3/include -arch x86_64 -Isrc/ext/uchardet/src -I/anaconda3/include/python3.7m -c src/ext/uchardet/src/nsEscCharsetProber.cpp -o build/temp.macosx-10.7-x86_64-3.7/src/ext/uchardet/src/nsEscCharsetProber.o
    warning: include path for stdlibc++ headers not found; pass '-stdlib=libc++' on the command line to use the libc++ standard library instead [-Wstdlibcxx-not-found]
    1 warning generated.
    gcc -Wno-unused-result -Wsign-compare -Wunreachable-code -DNDEBUG -g -fwrapv -O3 -Wall -I/anaconda3/include -arch x86_64 -I/anaconda3/include -arch x86_64 -Isrc/ext/uchardet/src -I/anaconda3/include/python3.7m -c src/ext/uchardet/src/nsEscSM.cpp -o build/temp.macosx-10.7-x86_64-3.7/src/ext/uchardet/src/nsEscSM.o
    warning: include path for stdlibc++ headers not found; pass '-stdlib=libc++' on the command line to use the libc++ standard library instead [-Wstdlibcxx-not-found]
    1 warning generated.
    gcc -Wno-unused-result -Wsign-compare -Wunreachable-code -DNDEBUG -g -fwrapv -O3 -Wall -I/anaconda3/include -arch x86_64 -I/anaconda3/include -arch x86_64 -Isrc/ext/uchardet/src -I/anaconda3/include/python3.7m -c src/ext/uchardet/src/nsGB2312Prober.cpp -o build/temp.macosx-10.7-x86_64-3.7/src/ext/uchardet/src/nsGB2312Prober.o
    warning: include path for stdlibc++ headers not found; pass '-stdlib=libc++' on the command line to use the libc++ standard library instead [-Wstdlibcxx-not-found]
    1 warning generated.
    gcc -Wno-unused-result -Wsign-compare -Wunreachable-code -DNDEBUG -g -fwrapv -O3 -Wall -I/anaconda3/include -arch x86_64 -I/anaconda3/include -arch x86_64 -Isrc/ext/uchardet/src -I/anaconda3/include/python3.7m -c src/ext/uchardet/src/nsMBCSGroupProber.cpp -o build/temp.macosx-10.7-x86_64-3.7/src/ext/uchardet/src/nsMBCSGroupProber.o
    warning: include path for stdlibc++ headers not found; pass '-stdlib=libc++' on the command line to use the libc++ standard library instead [-Wstdlibcxx-not-found]
    1 warning generated.
    gcc -Wno-unused-result -Wsign-compare -Wunreachable-code -DNDEBUG -g -fwrapv -O3 -Wall -I/anaconda3/include -arch x86_64 -I/anaconda3/include -arch x86_64 -Isrc/ext/uchardet/src -I/anaconda3/include/python3.7m -c src/ext/uchardet/src/nsMBCSSM.cpp -o build/temp.macosx-10.7-x86_64-3.7/src/ext/uchardet/src/nsMBCSSM.o
    warning: include path for stdlibc++ headers not found; pass '-stdlib=libc++' on the command line to use the libc++ standard library instead [-Wstdlibcxx-not-found]
    1 warning generated.
    gcc -Wno-unused-result -Wsign-compare -Wunreachable-code -DNDEBUG -g -fwrapv -O3 -Wall -I/anaconda3/include -arch x86_64 -I/anaconda3/include -arch x86_64 -Isrc/ext/uchardet/src -I/anaconda3/include/python3.7m -c src/ext/uchardet/src/nsSBCSGroupProber.cpp -o build/temp.macosx-10.7-x86_64-3.7/src/ext/uchardet/src/nsSBCSGroupProber.o
    warning: include path for stdlibc++ headers not found; pass '-stdlib=libc++' on the command line to use the libc++ standard library instead [-Wstdlibcxx-not-found]
    1 warning generated.
    gcc -Wno-unused-result -Wsign-compare -Wunreachable-code -DNDEBUG -g -fwrapv -O3 -Wall -I/anaconda3/include -arch x86_64 -I/anaconda3/include -arch x86_64 -Isrc/ext/uchardet/src -I/anaconda3/include/python3.7m -c src/ext/uchardet/src/nsSBCharSetProber.cpp -o build/temp.macosx-10.7-x86_64-3.7/src/ext/uchardet/src/nsSBCharSetProber.o
    warning: include path for stdlibc++ headers not found; pass '-stdlib=libc++' on the command line to use the libc++ standard library instead [-Wstdlibcxx-not-found]
    1 warning generated.
    gcc -Wno-unused-result -Wsign-compare -Wunreachable-code -DNDEBUG -g -fwrapv -O3 -Wall -I/anaconda3/include -arch x86_64 -I/anaconda3/include -arch x86_64 -Isrc/ext/uchardet/src -I/anaconda3/include/python3.7m -c src/ext/uchardet/src/nsSJISProber.cpp -o build/temp.macosx-10.7-x86_64-3.7/src/ext/uchardet/src/nsSJISProber.o
    warning: include path for stdlibc++ headers not found; pass '-stdlib=libc++' on the command line to use the libc++ standard library instead [-Wstdlibcxx-not-found]
    1 warning generated.
    gcc -Wno-unused-result -Wsign-compare -Wunreachable-code -DNDEBUG -g -fwrapv -O3 -Wall -I/anaconda3/include -arch x86_64 -I/anaconda3/include -arch x86_64 -Isrc/ext/uchardet/src -I/anaconda3/include/python3.7m -c src/ext/uchardet/src/nsUTF8Prober.cpp -o build/temp.macosx-10.7-x86_64-3.7/src/ext/uchardet/src/nsUTF8Prober.o
    warning: include path for stdlibc++ headers not found; pass '-stdlib=libc++' on the command line to use the libc++ standard library instead [-Wstdlibcxx-not-found]
    1 warning generated.
    gcc -Wno-unused-result -Wsign-compare -Wunreachable-code -DNDEBUG -g -fwrapv -O3 -Wall -I/anaconda3/include -arch x86_64 -I/anaconda3/include -arch x86_64 -Isrc/ext/uchardet/src -I/anaconda3/include/python3.7m -c src/ext/uchardet/src/nsLatin1Prober.cpp -o build/temp.macosx-10.7-x86_64-3.7/src/ext/uchardet/src/nsLatin1Prober.o
    warning: include path for stdlibc++ headers not found; pass '-stdlib=libc++' on the command line to use the libc++ standard library instead [-Wstdlibcxx-not-found]
    1 warning generated.
    gcc -Wno-unused-result -Wsign-compare -Wunreachable-code -DNDEBUG -g -fwrapv -O3 -Wall -I/anaconda3/include -arch x86_64 -I/anaconda3/include -arch x86_64 -Isrc/ext/uchardet/src -I/anaconda3/include/python3.7m -c src/ext/uchardet/src/nsUniversalDetector.cpp -o build/temp.macosx-10.7-x86_64-3.7/src/ext/uchardet/src/nsUniversalDetector.o
    warning: include path for stdlibc++ headers not found; pass '-stdlib=libc++' on the command line to use the libc++ standard library instead [-Wstdlibcxx-not-found]
    1 warning generated.
    gcc -Wno-unused-result -Wsign-compare -Wunreachable-code -DNDEBUG -g -fwrapv -O3 -Wall -I/anaconda3/include -arch x86_64 -I/anaconda3/include -arch x86_64 -Isrc/ext/uchardet/src -I/anaconda3/include/python3.7m -c src/ext/uchardet/src/uchardet.cpp -o build/temp.macosx-10.7-x86_64-3.7/src/ext/uchardet/src/uchardet.o
    warning: include path for stdlibc++ headers not found; pass '-stdlib=libc++' on the command line to use the libc++ standard library instead [-Wstdlibcxx-not-found]
    1 warning generated.
    g++ -bundle -undefined dynamic_lookup -L/anaconda3/lib -arch x86_64 -L/anaconda3/lib -arch x86_64 -arch x86_64 build/temp.macosx-10.7-x86_64-3.7/src/cchardet/_cchardet.o build/temp.macosx-10.7-x86_64-3.7/src/ext/uchardet/src/CharDistribution.o build/temp.macosx-10.7-x86_64-3.7/src/ext/uchardet/src/JpCntx.o build/temp.macosx-10.7-x86_64-3.7/src/ext/uchardet/src/LangModels/LangArabicModel.o build/temp.macosx-10.7-x86_64-3.7/src/ext/uchardet/src/LangModels/LangBulgarianModel.o build/temp.macosx-10.7-x86_64-3.7/src/ext/uchardet/src/LangModels/LangCroatianModel.o build/temp.macosx-10.7-x86_64-3.7/src/ext/uchardet/src/LangModels/LangCzechModel.o build/temp.macosx-10.7-x86_64-3.7/src/ext/uchardet/src/LangModels/LangEsperantoModel.o build/temp.macosx-10.7-x86_64-3.7/src/ext/uchardet/src/LangModels/LangEstonianModel.o build/temp.macosx-10.7-x86_64-3.7/src/ext/uchardet/src/LangModels/LangFinnishModel.o build/temp.macosx-10.7-x86_64-3.7/src/ext/uchardet/src/LangModels/LangFrenchModel.o build/temp.macosx-10.7-x86_64-3.7/src/ext/uchardet/src/LangModels/LangDanishModel.o build/temp.macosx-10.7-x86_64-3.7/src/ext/uchardet/src/LangModels/LangGermanModel.o build/temp.macosx-10.7-x86_64-3.7/src/ext/uchardet/src/LangModels/LangGreekModel.o build/temp.macosx-10.7-x86_64-3.7/src/ext/uchardet/src/LangModels/LangHungarianModel.o build/temp.macosx-10.7-x86_64-3.7/src/ext/uchardet/src/LangModels/LangHebrewModel.o build/temp.macosx-10.7-x86_64-3.7/src/ext/uchardet/src/LangModels/LangIrishModel.o build/temp.macosx-10.7-x86_64-3.7/src/ext/uchardet/src/LangModels/LangItalianModel.o build/temp.macosx-10.7-x86_64-3.7/src/ext/uchardet/src/LangModels/LangLithuanianModel.o build/temp.macosx-10.7-x86_64-3.7/src/ext/uchardet/src/LangModels/LangLatvianModel.o build/temp.macosx-10.7-x86_64-3.7/src/ext/uchardet/src/LangModels/LangMalteseModel.o build/temp.macosx-10.7-x86_64-3.7/src/ext/uchardet/src/LangModels/LangPolishModel.o build/temp.macosx-10.7-x86_64-3.7/src/ext/uchardet/src/LangModels/LangPortugueseModel.o build/temp.macosx-10.7-x86_64-3.7/src/ext/uchardet/src/LangModels/LangRomanianModel.o build/temp.macosx-10.7-x86_64-3.7/src/ext/uchardet/src/LangModels/LangRussianModel.o build/temp.macosx-10.7-x86_64-3.7/src/ext/uchardet/src/LangModels/LangSlovakModel.o build/temp.macosx-10.7-x86_64-3.7/src/ext/uchardet/src/LangModels/LangSloveneModel.o build/temp.macosx-10.7-x86_64-3.7/src/ext/uchardet/src/LangModels/LangSwedishModel.o build/temp.macosx-10.7-x86_64-3.7/src/ext/uchardet/src/LangModels/LangSpanishModel.o build/temp.macosx-10.7-x86_64-3.7/src/ext/uchardet/src/LangModels/LangThaiModel.o build/temp.macosx-10.7-x86_64-3.7/src/ext/uchardet/src/LangModels/LangTurkishModel.o build/temp.macosx-10.7-x86_64-3.7/src/ext/uchardet/src/LangModels/LangVietnameseModel.o build/temp.macosx-10.7-x86_64-3.7/src/ext/uchardet/src/nsHebrewProber.o build/temp.macosx-10.7-x86_64-3.7/src/ext/uchardet/src/nsCharSetProber.o build/temp.macosx-10.7-x86_64-3.7/src/ext/uchardet/src/nsBig5Prober.o build/temp.macosx-10.7-x86_64-3.7/src/ext/uchardet/src/nsEUCJPProber.o build/temp.macosx-10.7-x86_64-3.7/src/ext/uchardet/src/nsEUCKRProber.o build/temp.macosx-10.7-x86_64-3.7/src/ext/uchardet/src/nsEUCTWProber.o build/temp.macosx-10.7-x86_64-3.7/src/ext/uchardet/src/nsEscCharsetProber.o build/temp.macosx-10.7-x86_64-3.7/src/ext/uchardet/src/nsEscSM.o build/temp.macosx-10.7-x86_64-3.7/src/ext/uchardet/src/nsGB2312Prober.o build/temp.macosx-10.7-x86_64-3.7/src/ext/uchardet/src/nsMBCSGroupProber.o build/temp.macosx-10.7-x86_64-3.7/src/ext/uchardet/src/nsMBCSSM.o build/temp.macosx-10.7-x86_64-3.7/src/ext/uchardet/src/nsSBCSGroupProber.o build/temp.macosx-10.7-x86_64-3.7/src/ext/uchardet/src/nsSBCharSetProber.o build/temp.macosx-10.7-x86_64-3.7/src/ext/uchardet/src/nsSJISProber.o build/temp.macosx-10.7-x86_64-3.7/src/ext/uchardet/src/nsUTF8Prober.o build/temp.macosx-10.7-x86_64-3.7/src/ext/uchardet/src/nsLatin1Prober.o build/temp.macosx-10.7-x86_64-3.7/src/ext/uchardet/src/nsUniversalDetector.o build/temp.macosx-10.7-x86_64-3.7/src/ext/uchardet/src/uchardet.o -o build/lib.macosx-10.7-x86_64-3.7/cchardet/_cchardet.cpython-37m-darwin.so
    clang: warning: libstdc++ is deprecated; move to libc++ with a minimum deployment target of OS X 10.9 [-Wdeprecated]
    ld: library not found for -lstdc++
    clang: error: linker command failed with exit code 1 (use -v to see invocation)
    error: command 'g++' failed with exit status 1
    
    ----------------------------------------
